
new_linked_list: system execution failed.
Following is the set of recorded exceptions:

******************************** Thread exception *****************************
In thread           Root thread            0x0 (thread id)
*******************************************************************************
-------------------------------------------------------------------------------
Class / Object      Routine                Nature of exception           Effect
-------------------------------------------------------------------------------
NETWORK_STREAM_SOCKET
                    c_read_stream          WSAECONNRESET: Connection reset by peer.:
<0000000003EAB278>  (From SOCKET)          Developer exception.          Fail
-------------------------------------------------------------------------------
NETWORK_STREAM_SOCKET
                    c_read_stream          
<0000000003EAB278>  (From SOCKET)          Routine failure.              Fail
-------------------------------------------------------------------------------
NETWORK_STREAM_SOCKET
                    read_into_pointer @6   
<0000000003EAB278>  (From SOCKET)          Routine failure.              Fail
-------------------------------------------------------------------------------
NETWORK_STREAM_SOCKET
                    read_to_managed_pointer @5
<0000000003EAB278>  (From SOCKET)          Routine failure.              Fail
-------------------------------------------------------------------------------
SED_MEDIUM_READER_WRITER
                    read_buffer_from_medium @2
<0000000003EAB8B8>                         Routine failure.              Fail
-------------------------------------------------------------------------------
SED_MEDIUM_READER_WRITER
                    read_header @2         
<0000000003EAB8B8>                         Routine failure.              Fail
-------------------------------------------------------------------------------
EQA_EVALUATOR       retrieved @3                                        
<0000000003EAA588>  (From SED_STORABLE_FACILITIES)
                                           Routine failure.              Fail
-------------------------------------------------------------------------------
EQA_EVALUATOR       retrieved_from_medium @4
<0000000003EAA588>  (From SED_STORABLE_FACILITIES)
                                           Routine failure.              Fail
-------------------------------------------------------------------------------
EQA_EVALUATOR       main_loop @6                                        
<0000000003EAA588>                         Routine failure.              Rescue
-------------------------------------------------------------------------------
EQA_EVALUATOR       make @12                                            
<0000000003EAA588>                         Routine failure.              Fail
-------------------------------------------------------------------------------
EQA_EVALUATOR       root's creation                                     
<0000000003EAA588>                         Routine failure.              Exit
-------------------------------------------------------------------------------
