
sc_xml_flat_simple: PANIC: illegal opcode ...

sc_xml_flat_simple: system execution failed.
Following is the set of recorded exceptions.
NB: The raised panic may have induced completely inconsistent information:

-------------------------------------------------------------------------------
Class / Object      Routine                Nature of exception           Effect
-------------------------------------------------------------------------------
ROOT                root's creation        illegal opcode:              
<00000000021D05A8>                         Eiffel run-time panic.        Bye
-------------------------------------------------------------------------------

sc_xml_flat_simple: dumping core to generate debugging information...

sc_xml_flat_simple: PANIC: illegal opcode ...

sc_xml_flat_simple: system execution failed.
Following is the set of recorded exceptions.
NB: The raised panic may have induced completely inconsistent information:

-------------------------------------------------------------------------------
Class / Object      Routine                Nature of exception           Effect
-------------------------------------------------------------------------------
ROOT                root's creation        illegal opcode:              
<00000000021305A8>                         Eiffel run-time panic.        Bye
-------------------------------------------------------------------------------

sc_xml_flat_simple: dumping core to generate debugging information...

sc_xml_flat_simple: PANIC: illegal opcode ...

sc_xml_flat_simple: system execution failed.
Following is the set of recorded exceptions.
NB: The raised panic may have induced completely inconsistent information:

-------------------------------------------------------------------------------
Class / Object      Routine                Nature of exception           Effect
-------------------------------------------------------------------------------
ROOT                root's creation        illegal opcode:              
<00000000021005A8>                         Eiffel run-time panic.        Bye
-------------------------------------------------------------------------------

sc_xml_flat_simple: dumping core to generate debugging information...

sc_xml_flat_simple: PANIC: illegal opcode ...

sc_xml_flat_simple: system execution failed.
Following is the set of recorded exceptions.
NB: The raised panic may have induced completely inconsistent information:

-------------------------------------------------------------------------------
Class / Object      Routine                Nature of exception           Effect
-------------------------------------------------------------------------------
ROOT                root's creation        illegal opcode:              
<00000000020005A8>                         Eiffel run-time panic.        Bye
-------------------------------------------------------------------------------

sc_xml_flat_simple: dumping core to generate debugging information...

sc_xml_flat_simple: PANIC: illegal opcode ...

sc_xml_flat_simple: system execution failed.
Following is the set of recorded exceptions.
NB: The raised panic may have induced completely inconsistent information:

-------------------------------------------------------------------------------
Class / Object      Routine                Nature of exception           Effect
-------------------------------------------------------------------------------
ROOT                root's creation        illegal opcode:              
<00000000021A05A8>                         Eiffel run-time panic.        Bye
-------------------------------------------------------------------------------

sc_xml_flat_simple: dumping core to generate debugging information...

sc_xml_flat_simple: PANIC: illegal opcode ...

sc_xml_flat_simple: system execution failed.
Following is the set of recorded exceptions.
NB: The raised panic may have induced completely inconsistent information:

-------------------------------------------------------------------------------
Class / Object      Routine                Nature of exception           Effect
-------------------------------------------------------------------------------
ROOT                root's creation        illegal opcode:              
<00000000020D05A8>                         Eiffel run-time panic.        Bye
-------------------------------------------------------------------------------

sc_xml_flat_simple: dumping core to generate debugging information...

sc_xml_flat_simple: PANIC: illegal opcode ...

sc_xml_flat_simple: system execution failed.
Following is the set of recorded exceptions.
NB: The raised panic may have induced completely inconsistent information:

-------------------------------------------------------------------------------
Class / Object      Routine                Nature of exception           Effect
-------------------------------------------------------------------------------
ROOT                root's creation        illegal opcode:              
<00000000021905A8>                         Eiffel run-time panic.        Bye
-------------------------------------------------------------------------------

sc_xml_flat_simple: dumping core to generate debugging information...

sc_xml_flat_simple: PANIC: illegal opcode ...

sc_xml_flat_simple: system execution failed.
Following is the set of recorded exceptions.
NB: The raised panic may have induced completely inconsistent information:

-------------------------------------------------------------------------------
Class / Object      Routine                Nature of exception           Effect
-------------------------------------------------------------------------------
ROOT                root's creation        illegal opcode:              
<0000000001F805A8>                         Eiffel run-time panic.        Bye
-------------------------------------------------------------------------------

sc_xml_flat_simple: dumping core to generate debugging information...

sc_xml_flat_simple: PANIC: illegal opcode ...

sc_xml_flat_simple: system execution failed.
Following is the set of recorded exceptions.
NB: The raised panic may have induced completely inconsistent information:

-------------------------------------------------------------------------------
Class / Object      Routine                Nature of exception           Effect
-------------------------------------------------------------------------------
ROOT                root's creation        illegal opcode:              
<00000000020D05A8>                         Eiffel run-time panic.        Bye
-------------------------------------------------------------------------------

sc_xml_flat_simple: dumping core to generate debugging information...

sc_xml_flat_simple: PANIC: illegal opcode ...

sc_xml_flat_simple: system execution failed.
Following is the set of recorded exceptions.
NB: The raised panic may have induced completely inconsistent information:

-------------------------------------------------------------------------------
Class / Object      Routine                Nature of exception           Effect
-------------------------------------------------------------------------------
ROOT                root's creation        illegal opcode:              
<00000000022705A8>                         Eiffel run-time panic.        Bye
-------------------------------------------------------------------------------

sc_xml_flat_simple: PANIC: illegal opcode ...

sc_xml_flat_simple: system execution failed.
Following is the set of recorded exceptions.
NB: The raised panic may have induced completely inconsistent information:

-------------------------------------------------------------------------------
Class / Object      Routine                Nature of exception           Effect
-------------------------------------------------------------------------------
ROOT                root's creation        illegal opcode:              
<00000000022505A8>                         Eiffel run-time panic.        Bye
-------------------------------------------------------------------------------

sc_xml_flat_simple: PANIC: illegal opcode ...

sc_xml_flat_simple: system execution failed.
Following is the set of recorded exceptions.
NB: The raised panic may have induced completely inconsistent information:

-------------------------------------------------------------------------------
Class / Object      Routine                Nature of exception           Effect
-------------------------------------------------------------------------------
ROOT                root's creation        illegal opcode:              
<00000000022505A8>                         Eiffel run-time panic.        Bye
-------------------------------------------------------------------------------

sc_xml_flat_simple: PANIC: illegal opcode ...

sc_xml_flat_simple: system execution failed.
Following is the set of recorded exceptions.
NB: The raised panic may have induced completely inconsistent information:

-------------------------------------------------------------------------------
Class / Object      Routine                Nature of exception           Effect
-------------------------------------------------------------------------------
ROOT                root's creation        illegal opcode:              
<00000000021405A8>                         Eiffel run-time panic.        Bye
-------------------------------------------------------------------------------

sc_xml_flat_simple: PANIC: illegal opcode ...

sc_xml_flat_simple: system execution failed.
Following is the set of recorded exceptions.
NB: The raised panic may have induced completely inconsistent information:

-------------------------------------------------------------------------------
Class / Object      Routine                Nature of exception           Effect
-------------------------------------------------------------------------------
ROOT                root's creation        illegal opcode:              
<00000000021205A8>                         Eiffel run-time panic.        Bye
-------------------------------------------------------------------------------

sc_xml_flat_simple: PANIC: illegal opcode ...

sc_xml_flat_simple: system execution failed.
Following is the set of recorded exceptions.
NB: The raised panic may have induced completely inconsistent information:

-------------------------------------------------------------------------------
Class / Object      Routine                Nature of exception           Effect
-------------------------------------------------------------------------------
ROOT                root's creation        illegal opcode:              
<0000000001FF05A8>                         Eiffel run-time panic.        Bye
-------------------------------------------------------------------------------

sc_xml_flat_simple: PANIC: illegal opcode ...

sc_xml_flat_simple: system execution failed.
Following is the set of recorded exceptions.
NB: The raised panic may have induced completely inconsistent information:

-------------------------------------------------------------------------------
Class / Object      Routine                Nature of exception           Effect
-------------------------------------------------------------------------------
ROOT                root's creation        illegal opcode:              
<00000000022105A8>                         Eiffel run-time panic.        Bye
-------------------------------------------------------------------------------

sc_xml_flat_simple: PANIC: illegal opcode ...

sc_xml_flat_simple: system execution failed.
Following is the set of recorded exceptions.
NB: The raised panic may have induced completely inconsistent information:

-------------------------------------------------------------------------------
Class / Object      Routine                Nature of exception           Effect
-------------------------------------------------------------------------------
ROOT                root's creation        illegal opcode:              
<00000000020705A8>                         Eiffel run-time panic.        Bye
-------------------------------------------------------------------------------

sc_xml_flat_simple: PANIC: illegal opcode ...

sc_xml_flat_simple: system execution failed.
Following is the set of recorded exceptions.
NB: The raised panic may have induced completely inconsistent information:

-------------------------------------------------------------------------------
Class / Object      Routine                Nature of exception           Effect
-------------------------------------------------------------------------------
ROOT                root's creation        illegal opcode:              
<00000000023105A8>                         Eiffel run-time panic.        Bye
-------------------------------------------------------------------------------

sc_xml_flat_simple: PANIC: illegal opcode ...

sc_xml_flat_simple: system execution failed.
Following is the set of recorded exceptions.
NB: The raised panic may have induced completely inconsistent information:

-------------------------------------------------------------------------------
Class / Object      Routine                Nature of exception           Effect
-------------------------------------------------------------------------------
ROOT                root's creation        illegal opcode:              
<00000000021905A8>                         Eiffel run-time panic.        Bye
-------------------------------------------------------------------------------

sc_xml_flat_simple: PANIC: illegal opcode ...

sc_xml_flat_simple: system execution failed.
Following is the set of recorded exceptions.
NB: The raised panic may have induced completely inconsistent information:

-------------------------------------------------------------------------------
Class / Object      Routine                Nature of exception           Effect
-------------------------------------------------------------------------------
ROOT                root's creation        illegal opcode:              
<00000000021405A8>                         Eiffel run-time panic.        Bye
-------------------------------------------------------------------------------

sc_xml_flat_simple: PANIC: illegal opcode ...

sc_xml_flat_simple: system execution failed.
Following is the set of recorded exceptions.
NB: The raised panic may have induced completely inconsistent information:

-------------------------------------------------------------------------------
Class / Object      Routine                Nature of exception           Effect
-------------------------------------------------------------------------------
ROOT                root's creation        illegal opcode:              
<00000000020805A8>                         Eiffel run-time panic.        Bye
-------------------------------------------------------------------------------

sc_xml_flat_simple: PANIC: illegal opcode ...

sc_xml_flat_simple: system execution failed.
Following is the set of recorded exceptions.
NB: The raised panic may have induced completely inconsistent information:

-------------------------------------------------------------------------------
Class / Object      Routine                Nature of exception           Effect
-------------------------------------------------------------------------------
ROOT                root's creation        illegal opcode:              
<0000000001FE05A8>                         Eiffel run-time panic.        Bye
-------------------------------------------------------------------------------

sc_xml_flat_simple: PANIC: illegal opcode ...

sc_xml_flat_simple: system execution failed.
Following is the set of recorded exceptions.
NB: The raised panic may have induced completely inconsistent information:

-------------------------------------------------------------------------------
Class / Object      Routine                Nature of exception           Effect
-------------------------------------------------------------------------------
ROOT                root's creation        illegal opcode:              
<00000000023705A8>                         Eiffel run-time panic.        Bye
-------------------------------------------------------------------------------

sc_xml_flat_simple: PANIC: illegal opcode ...

sc_xml_flat_simple: system execution failed.
Following is the set of recorded exceptions.
NB: The raised panic may have induced completely inconsistent information:

-------------------------------------------------------------------------------
Class / Object      Routine                Nature of exception           Effect
-------------------------------------------------------------------------------
ROOT                root's creation        illegal opcode:              
<00000000021405A8>                         Eiffel run-time panic.        Bye
-------------------------------------------------------------------------------

sc_xml_flat_simple: PANIC: illegal opcode ...

sc_xml_flat_simple: system execution failed.
Following is the set of recorded exceptions.
NB: The raised panic may have induced completely inconsistent information:

-------------------------------------------------------------------------------
Class / Object      Routine                Nature of exception           Effect
-------------------------------------------------------------------------------
ROOT                root's creation        illegal opcode:              
<00000000020F05A8>                         Eiffel run-time panic.        Bye
-------------------------------------------------------------------------------

sc_xml_flat_simple: PANIC: illegal opcode ...

sc_xml_flat_simple: system execution failed.
Following is the set of recorded exceptions.
NB: The raised panic may have induced completely inconsistent information:

-------------------------------------------------------------------------------
Class / Object      Routine                Nature of exception           Effect
-------------------------------------------------------------------------------
ROOT                root's creation        illegal opcode:              
<00000000022705A8>                         Eiffel run-time panic.        Bye
-------------------------------------------------------------------------------

sc_xml_flat_simple: PANIC: illegal opcode ...

sc_xml_flat_simple: system execution failed.
Following is the set of recorded exceptions.
NB: The raised panic may have induced completely inconsistent information:

-------------------------------------------------------------------------------
Class / Object      Routine                Nature of exception           Effect
-------------------------------------------------------------------------------
ROOT                root's creation        illegal opcode:              
<00000000021C05A8>                         Eiffel run-time panic.        Bye
-------------------------------------------------------------------------------

sc_xml_flat_simple: PANIC: illegal opcode ...

sc_xml_flat_simple: system execution failed.
Following is the set of recorded exceptions.
NB: The raised panic may have induced completely inconsistent information:

-------------------------------------------------------------------------------
Class / Object      Routine                Nature of exception           Effect
-------------------------------------------------------------------------------
ROOT                root's creation        illegal opcode:              
<00000000020405A8>                         Eiffel run-time panic.        Bye
-------------------------------------------------------------------------------

sc_xml_flat_simple: PANIC: illegal opcode ...

sc_xml_flat_simple: system execution failed.
Following is the set of recorded exceptions.
NB: The raised panic may have induced completely inconsistent information:

-------------------------------------------------------------------------------
Class / Object      Routine                Nature of exception           Effect
-------------------------------------------------------------------------------
ROOT                root's creation        illegal opcode:              
<0000000001FA05A8>                         Eiffel run-time panic.        Bye
-------------------------------------------------------------------------------

sc_xml_flat_simple: PANIC: illegal opcode ...

sc_xml_flat_simple: system execution failed.
Following is the set of recorded exceptions.
NB: The raised panic may have induced completely inconsistent information:

-------------------------------------------------------------------------------
Class / Object      Routine                Nature of exception           Effect
-------------------------------------------------------------------------------
ROOT                root's creation        illegal opcode:              
<00000000020105A8>                         Eiffel run-time panic.        Bye
-------------------------------------------------------------------------------

sc_xml_flat_simple: PANIC: illegal opcode ...

sc_xml_flat_simple: system execution failed.
Following is the set of recorded exceptions.
NB: The raised panic may have induced completely inconsistent information:

-------------------------------------------------------------------------------
Class / Object      Routine                Nature of exception           Effect
-------------------------------------------------------------------------------
ROOT                root's creation        illegal opcode:              
<00000000021605A8>                         Eiffel run-time panic.        Bye
-------------------------------------------------------------------------------

sc_xml_flat_simple: PANIC: illegal opcode ...

sc_xml_flat_simple: system execution failed.
Following is the set of recorded exceptions.
NB: The raised panic may have induced completely inconsistent information:

-------------------------------------------------------------------------------
Class / Object      Routine                Nature of exception           Effect
-------------------------------------------------------------------------------
ROOT                root's creation        illegal opcode:              
<00000000020305A8>                         Eiffel run-time panic.        Bye
-------------------------------------------------------------------------------

sc_xml_flat_simple: PANIC: illegal opcode ...

sc_xml_flat_simple: system execution failed.
Following is the set of recorded exceptions.
NB: The raised panic may have induced completely inconsistent information:

-------------------------------------------------------------------------------
Class / Object      Routine                Nature of exception           Effect
-------------------------------------------------------------------------------
ROOT                root's creation        illegal opcode:              
<00000000020105A8>                         Eiffel run-time panic.        Bye
-------------------------------------------------------------------------------

sc_xml_flat_simple: PANIC: illegal opcode ...

sc_xml_flat_simple: system execution failed.
Following is the set of recorded exceptions.
NB: The raised panic may have induced completely inconsistent information:

-------------------------------------------------------------------------------
Class / Object      Routine                Nature of exception           Effect
-------------------------------------------------------------------------------
ROOT                root's creation        illegal opcode:              
<00000000022505A8>                         Eiffel run-time panic.        Bye
-------------------------------------------------------------------------------

sc_xml_flat_simple: PANIC: illegal opcode ...

sc_xml_flat_simple: system execution failed.
Following is the set of recorded exceptions.
NB: The raised panic may have induced completely inconsistent information:

-------------------------------------------------------------------------------
Class / Object      Routine                Nature of exception           Effect
-------------------------------------------------------------------------------
ROOT                root's creation        illegal opcode:              
<00000000020C05A8>                         Eiffel run-time panic.        Bye
-------------------------------------------------------------------------------
